<?xml version="1.0" encoding="UTF-8"?>
<testsuite xmlns:xsi="http://www.w3.org/2001/XMLSchema-instance" xsi:noNamespaceSchemaLocation="https://maven.apache.org/surefire/maven-surefire-plugin/xsd/surefire-test-report-3.0.xsd" version="3.0" name="runner.TestRunner" time="13.994" tests="5" errors="0" skipped="0" failures="0">
  <properties>
    <property name="sun.desktop" value="windows"/>
    <property name="awt.toolkit" value="sun.awt.windows.WToolkit"/>
    <property name="file.encoding.pkg" value="sun.io"/>
    <property name="java.specification.version" value="1.8"/>
    <property name="sun.cpu.isalist" value="amd64"/>
    <property name="sun.jnu.encoding" value="Cp1252"/>
    <property name="java.class.path" value="C:\Users\parth\Desktop\APIAutomation\Section2APIAutomation\target\test-classes;C:\Users\parth\Desktop\APIAutomation\Section2APIAutomation\target\classes;C:\Users\parth\.m2\repository\io\rest-assured\rest-assured\3.0.0\rest-assured-3.0.0.jar;C:\Users\parth\.m2\repository\org\codehaus\groovy\groovy\2.4.6\groovy-2.4.6.jar;C:\Users\parth\.m2\repository\org\codehaus\groovy\groovy-xml\2.4.6\groovy-xml-2.4.6.jar;C:\Users\parth\.m2\repository\org\apache\httpcomponents\httpclient\4.5.2\httpclient-4.5.2.jar;C:\Users\parth\.m2\repository\org\apache\httpcomponents\httpcore\4.4.4\httpcore-4.4.4.jar;C:\Users\parth\.m2\repository\commons-logging\commons-logging\1.2\commons-logging-1.2.jar;C:\Users\parth\.m2\repository\commons-codec\commons-codec\1.9\commons-codec-1.9.jar;C:\Users\parth\.m2\repository\org\apache\httpcomponents\httpmime\4.5.1\httpmime-4.5.1.jar;C:\Users\parth\.m2\repository\org\hamcrest\hamcrest-core\1.3\hamcrest-core-1.3.jar;C:\Users\parth\.m2\repository\org\hamcrest\hamcrest-library\1.3\hamcrest-library-1.3.jar;C:\Users\parth\.m2\repository\org\ccil\cowan\tagsoup\tagsoup\1.2.1\tagsoup-1.2.1.jar;C:\Users\parth\.m2\repository\io\rest-assured\json-path\3.0.0\json-path-3.0.0.jar;C:\Users\parth\.m2\repository\org\codehaus\groovy\groovy-json\2.4.6\groovy-json-2.4.6.jar;C:\Users\parth\.m2\repository\io\rest-assured\rest-assured-common\3.0.0\rest-assured-common-3.0.0.jar;C:\Users\parth\.m2\repository\io\rest-assured\xml-path\3.0.0\xml-path-3.0.0.jar;C:\Users\parth\.m2\repository\org\apache\commons\commons-lang3\3.4\commons-lang3-3.4.jar;C:\Users\parth\.m2\repository\org\hamcrest\hamcrest-all\1.3\hamcrest-all-1.3.jar;C:\Users\parth\.m2\repository\junit\junit\4.12\junit-4.12.jar;C:\Users\parth\.m2\repository\com\jayway\jsonpath\json-path\2.4.0\json-path-2.4.0.jar;C:\Users\parth\.m2\repository\net\minidev\json-smart\2.3\json-smart-2.3.jar;C:\Users\parth\.m2\repository\net\minidev\accessors-smart\1.2\accessors-smart-1.2.jar;C:\Users\parth\.m2\repository\org\ow2\asm\asm\5.0.4\asm-5.0.4.jar;C:\Users\parth\.m2\repository\org\slf4j\slf4j-api\1.7.5\slf4j-api-1.7.5.jar;C:\Users\parth\.m2\repository\org\slf4j\slf4j-simple\1.7.21\slf4j-simple-1.7.21.jar;C:\Users\parth\.m2\repository\org\json\json\20180813\json-20180813.jar;"/>
    <property name="java.vm.vendor" value="Oracle Corporation"/>
    <property name="sun.arch.data.model" value="64"/>
    <property name="user.variant" value=""/>
    <property name="java.vendor.url" value="http://java.oracle.com/"/>
    <property name="user.timezone" value="Australia/Sydney"/>
    <property name="java.vm.specification.version" value="1.8"/>
    <property name="os.name" value="Windows 10"/>
    <property name="user.country" value="US"/>
    <property name="sun.java.launcher" value="SUN_STANDARD"/>
    <property name="sun.boot.library.path" value="C:\Program Files\Java\jdk1.8.0_131\jre\bin"/>
    <property name="sun.java.command" value="C:\Users\parth\AppData\Local\Temp\surefire5094486269837334097\surefirebooter2998808805533442370.jar C:\Users\parth\AppData\Local\Temp\surefire5094486269837334097 2019-01-24T19-43-26_644-jvmRun1 surefire8300124028784901952tmp surefire_02390732012432498007tmp"/>
    <property name="surefire.test.class.path" value="C:\Users\parth\Desktop\APIAutomation\Section2APIAutomation\target\test-classes;C:\Users\parth\Desktop\APIAutomation\Section2APIAutomation\target\classes;C:\Users\parth\.m2\repository\io\rest-assured\rest-assured\3.0.0\rest-assured-3.0.0.jar;C:\Users\parth\.m2\repository\org\codehaus\groovy\groovy\2.4.6\groovy-2.4.6.jar;C:\Users\parth\.m2\repository\org\codehaus\groovy\groovy-xml\2.4.6\groovy-xml-2.4.6.jar;C:\Users\parth\.m2\repository\org\apache\httpcomponents\httpclient\4.5.2\httpclient-4.5.2.jar;C:\Users\parth\.m2\repository\org\apache\httpcomponents\httpcore\4.4.4\httpcore-4.4.4.jar;C:\Users\parth\.m2\repository\commons-logging\commons-logging\1.2\commons-logging-1.2.jar;C:\Users\parth\.m2\repository\commons-codec\commons-codec\1.9\commons-codec-1.9.jar;C:\Users\parth\.m2\repository\org\apache\httpcomponents\httpmime\4.5.1\httpmime-4.5.1.jar;C:\Users\parth\.m2\repository\org\hamcrest\hamcrest-core\1.3\hamcrest-core-1.3.jar;C:\Users\parth\.m2\repository\org\hamcrest\hamcrest-library\1.3\hamcrest-library-1.3.jar;C:\Users\parth\.m2\repository\org\ccil\cowan\tagsoup\tagsoup\1.2.1\tagsoup-1.2.1.jar;C:\Users\parth\.m2\repository\io\rest-assured\json-path\3.0.0\json-path-3.0.0.jar;C:\Users\parth\.m2\repository\org\codehaus\groovy\groovy-json\2.4.6\groovy-json-2.4.6.jar;C:\Users\parth\.m2\repository\io\rest-assured\rest-assured-common\3.0.0\rest-assured-common-3.0.0.jar;C:\Users\parth\.m2\repository\io\rest-assured\xml-path\3.0.0\xml-path-3.0.0.jar;C:\Users\parth\.m2\repository\org\apache\commons\commons-lang3\3.4\commons-lang3-3.4.jar;C:\Users\parth\.m2\repository\org\hamcrest\hamcrest-all\1.3\hamcrest-all-1.3.jar;C:\Users\parth\.m2\repository\junit\junit\4.12\junit-4.12.jar;C:\Users\parth\.m2\repository\com\jayway\jsonpath\json-path\2.4.0\json-path-2.4.0.jar;C:\Users\parth\.m2\repository\net\minidev\json-smart\2.3\json-smart-2.3.jar;C:\Users\parth\.m2\repository\net\minidev\accessors-smart\1.2\accessors-smart-1.2.jar;C:\Users\parth\.m2\repository\org\ow2\asm\asm\5.0.4\asm-5.0.4.jar;C:\Users\parth\.m2\repository\org\slf4j\slf4j-api\1.7.5\slf4j-api-1.7.5.jar;C:\Users\parth\.m2\repository\org\slf4j\slf4j-simple\1.7.21\slf4j-simple-1.7.21.jar;C:\Users\parth\.m2\repository\org\json\json\20180813\json-20180813.jar;"/>
    <property name="sun.cpu.endian" value="little"/>
    <property name="user.home" value="C:\Users\parth"/>
    <property name="user.language" value="en"/>
    <property name="java.specification.vendor" value="Oracle Corporation"/>
    <property name="java.home" value="C:\Program Files\Java\jdk1.8.0_131\jre"/>
    <property name="basedir" value="C:\Users\parth\Desktop\APIAutomation\Section2APIAutomation"/>
    <property name="file.separator" value="\"/>
    <property name="line.separator" value="&#10;"/>
    <property name="java.vm.specification.vendor" value="Oracle Corporation"/>
    <property name="java.specification.name" value="Java Platform API Specification"/>
    <property name="java.awt.graphicsenv" value="sun.awt.Win32GraphicsEnvironment"/>
    <property name="surefire.real.class.path" value="C:\Users\parth\AppData\Local\Temp\surefire5094486269837334097\surefirebooter2998808805533442370.jar"/>
    <property name="sun.boot.class.path" value="C:\Program Files\Java\jdk1.8.0_131\jre\lib\resources.jar;C:\Program Files\Java\jdk1.8.0_131\jre\lib\rt.jar;C:\Program Files\Java\jdk1.8.0_131\jre\lib\sunrsasign.jar;C:\Program Files\Java\jdk1.8.0_131\jre\lib\jsse.jar;C:\Program Files\Java\jdk1.8.0_131\jre\lib\jce.jar;C:\Program Files\Java\jdk1.8.0_131\jre\lib\charsets.jar;C:\Program Files\Java\jdk1.8.0_131\jre\lib\jfr.jar;C:\Program Files\Java\jdk1.8.0_131\jre\classes;C:\Program Files (x86)\HPE\Unified Functional Testing\bin\java_shared\classes\jasmine.jar"/>
    <property name="user.script" value=""/>
    <property name="sun.management.compiler" value="HotSpot 64-Bit Tiered Compilers"/>
    <property name="java.runtime.version" value="1.8.0_131-b11"/>
    <property name="user.name" value="parth"/>
    <property name="path.separator" value=";"/>
    <property name="os.version" value="10.0"/>
    <property name="java.endorsed.dirs" value="C:\Program Files\Java\jdk1.8.0_131\jre\lib\endorsed"/>
    <property name="java.runtime.name" value="Java(TM) SE Runtime Environment"/>
    <property name="file.encoding" value="Cp1252"/>
    <property name="java.vm.name" value="Java HotSpot(TM) 64-Bit Server VM"/>
    <property name="localRepository" value="C:\Users\parth\.m2\repository"/>
    <property name="java.vendor.url.bug" value="http://bugreport.sun.com/bugreport/"/>
    <property name="java.io.tmpdir" value="C:\Users\parth\AppData\Local\Temp\"/>
    <property name="java.version" value="1.8.0_131"/>
    <property name="user.dir" value="C:\Users\parth\Desktop\APIAutomation\Section2APIAutomation"/>
    <property name="os.arch" value="amd64"/>
    <property name="java.vm.specification.name" value="Java Virtual Machine Specification"/>
    <property name="java.awt.printerjob" value="sun.awt.windows.WPrinterJob"/>
    <property name="sun.os.patch.level" value=""/>
    <property name="java.library.path" value="C:\Program Files\Java\jdk1.8.0_131\jre\bin;C:\WINDOWS\Sun\Java\bin;C:\WINDOWS\system32;C:\WINDOWS;C:\Program Files (x86)\TRICENTIS\Tosca Testsuite;C:\Tosca_Projects;C:\Program Files (x86)\TRICENTIS\Tosca Testsuite\dll;C:\Program Files (x86)\TRICENTIS\Tosca Testsuite\dll\GuptaEngine;C:\Program Files (x86)\TRICENTIS\Tosca Testsuite\;C:\Program Files (x86)\TRICENTIS\Tosca Testsuite\dll\DelphiEngine;C:\Program Files (x86)\TRICENTIS\Tosca Testsuite\dll\PBEngine;C:\Program Files (x86)\TRICENTIS\Tosca Testsuite\dll\VBEngine;C:\Program Files (x86)\TRICENTIS\Tosca Testsuite\dll\DotNetHooking;;C:\Program Files (x86)\TRICENTIS\Tosca Testsuite\Resources\Mobile\Tools;C:\Program Files (x86)\Common Files\Oracle\Java\javapath;C:\Program Files (x86)\iis express\PHP\v5.6;C:\Program Files\HPE\NV\lib\shunra\vcat;C:\Program Files (x86)\Python36-32\Scripts\;C:\Program Files (x86)\Python36-32\;C:\Program Files\Microsoft MPI\Bin\;C:\ProgramData\Oracle\Java\javapath;C:\WINDOWS\system32;C:\WINDOWS;C:\WINDOWS\System32\Wbem;C:\WINDOWS\System32\WindowsPowerShell\v1.0\;C:\Program Files\Microsoft SQL Server\130\Tools\Binn\;C:\Program Files\dotnet\;C:\Program Files (x86)\Microsoft SQL Server\110\DTS\Binn\;C:\Program Files (x86)\Microsoft SQL Server\120\DTS\Binn\;C:\Program Files (x86)\Microsoft SQL Server\130\DTS\Binn\;C:\Program Files (x86)\Microsoft SQL Server\140\DTS\Binn\;C:\Program Files (x86)\Microsoft SQL Server\130\Tools\Binn\;C:\Program Files\Microsoft SQL Server\130\DTS\Binn\;C:\Program Files\Microsoft SQL Server\Client SDK\ODBC\130\Tools\Binn\;C:\Program Files (x86)\Microsoft SQL Server\Client SDK\ODBC\130\Tools\Binn\;C:\Program Files (x86)\Microsoft SQL Server\140\Tools\Binn\;C:\Program Files (x86)\HPE\Unified Functional Testing\bin;C:\WINDOWS\system32;C:\WINDOWS;C:\WINDOWS\System32\Wbem;C:\WINDOWS\System32\WindowsPowerShell\v1.0\;C:\WINDOWS\System32\OpenSSH\;C:\Program Files\nodejs\;C:\Program Files (x86)\Brackets\command;C:\Program Files (x86)\Python36-32\Scripts;C:\Program Files (x86)\Python36-32;C:\Program Files\Microsoft VS Code\bin;C:\Maven\bin;C:\apache-ant-1.10.1/bin;C:\Users\parth\AppData\Local\Microsoft\WindowsApps;C:\Users\parth\AppData\Local\atom\bin;C:\Users\parth\AppData\Local\GitHubDesktop\bin;C:\Users\parth\AppData\Local\Microsoft\WindowsApps;C:\Program Files\Java\jdk1.8.0_131\bin;C:\Program Files\Microsoft VS Code\bin;C:\Users\parth\AppData\Roaming\npm;C:\Program Files\nodejs\;C:\Maven\bin;;."/>
    <property name="java.vm.info" value="mixed mode"/>
    <property name="java.vendor" value="Oracle Corporation"/>
    <property name="java.vm.version" value="25.131-b11"/>
    <property name="java.ext.dirs" value="C:\Program Files\Java\jdk1.8.0_131\jre\lib\ext;C:\WINDOWS\Sun\Java\lib\ext"/>
    <property name="sun.io.unicode.encoding" value="UnicodeLittle"/>
    <property name="java.class.version" value="52.0"/>
  </properties>
  <testcase name="verifyTotalNumberofChildElements" classname="runner.FunctionalTest" time="4.971"/>
  <testcase name="verifyFirstElementPortIdNavPrice" classname="runner.FunctionalTest" time="2.305"/>
  <testcase name="MakeSureResponseTimeisunderSLA" classname="runner.FunctionalTest" time="1.894"/>
  <testcase name="makeSureStatusCodeIsCorrect" classname="runner.FunctionalTest" time="1.874"/>
  <testcase name="verifyResponseContainsnavPriceArray" classname="runner.FunctionalTest" time="2.271"/>
</testsuite>